<?xml version="1.0" encoding="UTF-8"?>
<!-- Generated by org.testng.reporters.JUnitReportReporter -->
<testsuite hostname="DCCPLBNG-866" name="WaferProcess.CreateWafer" tests="1" failures="0" timestamp="27 Oct 2019 04:49:35 GMT" time="19.127" errors="0">
  <testcase name="abc" time="19.127" classname="WaferProcess.CreateWafer"/>
</testsuite> <!-- WaferProcess.CreateWafer -->
