<?xml version="1.0" encoding="UTF-8"?>
<!-- Generated by org.testng.reporters.JUnitReportReporter -->
<testsuite hostname="DCCPLBNG-866" name="Login.Login" tests="1" failures="0" timestamp="27 Oct 2019 04:49:35 GMT" time="45.454" errors="0">
  <testcase name="abc" time="45.454" classname="Login.Login"/>
</testsuite> <!-- Login.Login -->
