<?xml version="1.0" encoding="UTF-8"?>
<!-- Generated by org.testng.reporters.JUnitReportReporter -->
<testsuite skipped="0" hostname="LAPTOP-A313QKMS-rajesh" name="testPackage.TestOnly" tests="1" failures="0" timestamp="19 Jul 2019 10:55:00 GMT" time="13.210" errors="0">
  <testcase name="testOnly" time="13.210" classname="testPackage.TestOnly"/>
</testsuite> <!-- testPackage.TestOnly -->
