<?xml version="1.0" encoding="UTF-8"?>
<!-- Generated by org.testng.reporters.JUnitReportReporter -->
<testsuite skipped="0" hostname="LAPTOP-A313QKMS-rajesh" name="testPackage.TestOnly" tests="1" failures="0" timestamp="19 Jul 2019 10:11:33 GMT" time="15.243" errors="0">
  <testcase name="testOnly" time="15.243" classname="testPackage.TestOnly"/>
</testsuite> <!-- testPackage.TestOnly -->
