<?xml version="1.0" encoding="UTF-8"?>
<!-- Generated by org.testng.reporters.JUnitReportReporter -->
<testsuite skipped="0" hostname="LAPTOP-A313QKMS-rajesh" name="testPackage.TestOnly" tests="1" failures="0" timestamp="18 Jul 2019 14:14:44 GMT" time="13.584" errors="0">
  <testcase name="testOnly" time="13.584" classname="testPackage.TestOnly"/>
</testsuite> <!-- testPackage.TestOnly -->
