<?xml version="1.0" encoding="UTF-8"?>
<!-- Generated by org.testng.reporters.JUnitReportReporter -->
<testsuite skipped="0" hostname="LAPTOP-A313QKMS-rajesh" name="testPackage.TestOnly" tests="1" failures="0" timestamp="19 Jul 2019 15:23:48 GMT" time="14.938" errors="0">
  <testcase name="testOnly" time="14.938" classname="testPackage.TestOnly"/>
</testsuite> <!-- testPackage.TestOnly -->
